[15-Feb-2017 16:54:08 UTC] PHP Notice:  tgmpa fue llamado con un argumento que está <strong>obsoleto</strong> desde la versión 2.4.0! The `parent_menu_slug` config parameter was removed in TGMPA 2.4.0. In TGMPA 2.5.0 an alternative was (re-)introduced. Please adjust your configuration. For more information visit the website: http://tgmpluginactivation.com/configuration/#h-configuration-options. in /homepages/29/d497100605/htdocs/cuervo/fundacion-donde/wp-includes/functions.php on line 3936
[15-Feb-2017 16:54:08 UTC] PHP Notice:  tgmpa fue llamado con un argumento que está <strong>obsoleto</strong> desde la versión 2.4.0! The `parent_url_slug` config parameter was removed in TGMPA 2.4.0. In TGMPA 2.5.0 an alternative was (re-)introduced. Please adjust your configuration. For more information visit the website: http://tgmpluginactivation.com/configuration/#h-configuration-options. in /homepages/29/d497100605/htdocs/cuervo/fundacion-donde/wp-includes/functions.php on line 3936
[15-Feb-2017 16:54:22 UTC] PHP Notice:  tgmpa fue llamado con un argumento que está <strong>obsoleto</strong> desde la versión 2.4.0! The `parent_menu_slug` config parameter was removed in TGMPA 2.4.0. In TGMPA 2.5.0 an alternative was (re-)introduced. Please adjust your configuration. For more information visit the website: http://tgmpluginactivation.com/configuration/#h-configuration-options. in /homepages/29/d497100605/htdocs/cuervo/fundacion-donde/wp-includes/functions.php on line 3936
[15-Feb-2017 16:54:22 UTC] PHP Notice:  tgmpa fue llamado con un argumento que está <strong>obsoleto</strong> desde la versión 2.4.0! The `parent_url_slug` config parameter was removed in TGMPA 2.4.0. In TGMPA 2.5.0 an alternative was (re-)introduced. Please adjust your configuration. For more information visit the website: http://tgmpluginactivation.com/configuration/#h-configuration-options. in /homepages/29/d497100605/htdocs/cuervo/fundacion-donde/wp-includes/functions.php on line 3936
[15-Feb-2017 16:54:24 UTC] PHP Notice:  tgmpa fue llamado con un argumento que está <strong>obsoleto</strong> desde la versión 2.4.0! The `parent_menu_slug` config parameter was removed in TGMPA 2.4.0. In TGMPA 2.5.0 an alternative was (re-)introduced. Please adjust your configuration. For more information visit the website: http://tgmpluginactivation.com/configuration/#h-configuration-options. in /homepages/29/d497100605/htdocs/cuervo/fundacion-donde/wp-includes/functions.php on line 3936
[15-Feb-2017 16:54:24 UTC] PHP Notice:  tgmpa fue llamado con un argumento que está <strong>obsoleto</strong> desde la versión 2.4.0! The `parent_url_slug` config parameter was removed in TGMPA 2.4.0. In TGMPA 2.5.0 an alternative was (re-)introduced. Please adjust your configuration. For more information visit the website: http://tgmpluginactivation.com/configuration/#h-configuration-options. in /homepages/29/d497100605/htdocs/cuervo/fundacion-donde/wp-includes/functions.php on line 3936
[15-Feb-2017 16:55:13 UTC] PHP Notice:  tgmpa fue llamado con un argumento que está <strong>obsoleto</strong> desde la versión 2.4.0! The `parent_menu_slug` config parameter was removed in TGMPA 2.4.0. In TGMPA 2.5.0 an alternative was (re-)introduced. Please adjust your configuration. For more information visit the website: http://tgmpluginactivation.com/configuration/#h-configuration-options. in /homepages/29/d497100605/htdocs/cuervo/fundacion-donde/wp-includes/functions.php on line 3936
[15-Feb-2017 16:55:13 UTC] PHP Notice:  tgmpa fue llamado con un argumento que está <strong>obsoleto</strong> desde la versión 2.4.0! The `parent_url_slug` config parameter was removed in TGMPA 2.4.0. In TGMPA 2.5.0 an alternative was (re-)introduced. Please adjust your configuration. For more information visit the website: http://tgmpluginactivation.com/configuration/#h-configuration-options. in /homepages/29/d497100605/htdocs/cuervo/fundacion-donde/wp-includes/functions.php on line 3936
[15-Feb-2017 16:55:22 UTC] PHP Notice:  tgmpa fue llamado con un argumento que está <strong>obsoleto</strong> desde la versión 2.4.0! The `parent_menu_slug` config parameter was removed in TGMPA 2.4.0. In TGMPA 2.5.0 an alternative was (re-)introduced. Please adjust your configuration. For more information visit the website: http://tgmpluginactivation.com/configuration/#h-configuration-options. in /homepages/29/d497100605/htdocs/cuervo/fundacion-donde/wp-includes/functions.php on line 3936
[15-Feb-2017 16:55:22 UTC] PHP Notice:  tgmpa fue llamado con un argumento que está <strong>obsoleto</strong> desde la versión 2.4.0! The `parent_url_slug` config parameter was removed in TGMPA 2.4.0. In TGMPA 2.5.0 an alternative was (re-)introduced. Please adjust your configuration. For more information visit the website: http://tgmpluginactivation.com/configuration/#h-configuration-options. in /homepages/29/d497100605/htdocs/cuervo/fundacion-donde/wp-includes/functions.php on line 3936
[15-Feb-2017 16:56:05 UTC] PHP Notice:  tgmpa fue llamado con un argumento que está <strong>obsoleto</strong> desde la versión 2.4.0! The `parent_menu_slug` config parameter was removed in TGMPA 2.4.0. In TGMPA 2.5.0 an alternative was (re-)introduced. Please adjust your configuration. For more information visit the website: http://tgmpluginactivation.com/configuration/#h-configuration-options. in /homepages/29/d497100605/htdocs/cuervo/fundacion-donde/wp-includes/functions.php on line 3936
[15-Feb-2017 16:56:05 UTC] PHP Notice:  tgmpa fue llamado con un argumento que está <strong>obsoleto</strong> desde la versión 2.4.0! The `parent_url_slug` config parameter was removed in TGMPA 2.4.0. In TGMPA 2.5.0 an alternative was (re-)introduced. Please adjust your configuration. For more information visit the website: http://tgmpluginactivation.com/configuration/#h-configuration-options. in /homepages/29/d497100605/htdocs/cuervo/fundacion-donde/wp-includes/functions.php on line 3936
[15-Feb-2017 16:56:06 UTC] %%%%%%%%%%%%%%%%%%%%%%%%%%% Order PAYMENT COMPLETED for order 326
[15-Feb-2017 16:56:06 UTC] CORREO -> 
[15-Feb-2017 16:56:07 UTC] PHP Notice:  tgmpa fue llamado con un argumento que está <strong>obsoleto</strong> desde la versión 2.4.0! The `parent_menu_slug` config parameter was removed in TGMPA 2.4.0. In TGMPA 2.5.0 an alternative was (re-)introduced. Please adjust your configuration. For more information visit the website: http://tgmpluginactivation.com/configuration/#h-configuration-options. in /homepages/29/d497100605/htdocs/cuervo/fundacion-donde/wp-includes/functions.php on line 3936
[15-Feb-2017 16:56:07 UTC] PHP Notice:  tgmpa fue llamado con un argumento que está <strong>obsoleto</strong> desde la versión 2.4.0! The `parent_url_slug` config parameter was removed in TGMPA 2.4.0. In TGMPA 2.5.0 an alternative was (re-)introduced. Please adjust your configuration. For more information visit the website: http://tgmpluginactivation.com/configuration/#h-configuration-options. in /homepages/29/d497100605/htdocs/cuervo/fundacion-donde/wp-includes/functions.php on line 3936
[15-Feb-2017 16:57:08 UTC] PHP Notice:  tgmpa fue llamado con un argumento que está <strong>obsoleto</strong> desde la versión 2.4.0! The `parent_menu_slug` config parameter was removed in TGMPA 2.4.0. In TGMPA 2.5.0 an alternative was (re-)introduced. Please adjust your configuration. For more information visit the website: http://tgmpluginactivation.com/configuration/#h-configuration-options. in /homepages/29/d497100605/htdocs/cuervo/fundacion-donde/wp-includes/functions.php on line 3936
[15-Feb-2017 16:57:08 UTC] PHP Notice:  tgmpa fue llamado con un argumento que está <strong>obsoleto</strong> desde la versión 2.4.0! The `parent_url_slug` config parameter was removed in TGMPA 2.4.0. In TGMPA 2.5.0 an alternative was (re-)introduced. Please adjust your configuration. For more information visit the website: http://tgmpluginactivation.com/configuration/#h-configuration-options. in /homepages/29/d497100605/htdocs/cuervo/fundacion-donde/wp-includes/functions.php on line 3936
[15-Feb-2017 17:03:20 UTC] PHP Notice:  tgmpa fue llamado con un argumento que está <strong>obsoleto</strong> desde la versión 2.4.0! The `parent_menu_slug` config parameter was removed in TGMPA 2.4.0. In TGMPA 2.5.0 an alternative was (re-)introduced. Please adjust your configuration. For more information visit the website: http://tgmpluginactivation.com/configuration/#h-configuration-options. in /homepages/29/d497100605/htdocs/cuervo/fundacion-donde/wp-includes/functions.php on line 3936
[15-Feb-2017 17:03:20 UTC] PHP Notice:  tgmpa fue llamado con un argumento que está <strong>obsoleto</strong> desde la versión 2.4.0! The `parent_url_slug` config parameter was removed in TGMPA 2.4.0. In TGMPA 2.5.0 an alternative was (re-)introduced. Please adjust your configuration. For more information visit the website: http://tgmpluginactivation.com/configuration/#h-configuration-options. in /homepages/29/d497100605/htdocs/cuervo/fundacion-donde/wp-includes/functions.php on line 3936
[15-Feb-2017 17:03:35 UTC] PHP Notice:  tgmpa fue llamado con un argumento que está <strong>obsoleto</strong> desde la versión 2.4.0! The `parent_menu_slug` config parameter was removed in TGMPA 2.4.0. In TGMPA 2.5.0 an alternative was (re-)introduced. Please adjust your configuration. For more information visit the website: http://tgmpluginactivation.com/configuration/#h-configuration-options. in /homepages/29/d497100605/htdocs/cuervo/fundacion-donde/wp-includes/functions.php on line 3936
[15-Feb-2017 17:03:35 UTC] PHP Notice:  tgmpa fue llamado con un argumento que está <strong>obsoleto</strong> desde la versión 2.4.0! The `parent_url_slug` config parameter was removed in TGMPA 2.4.0. In TGMPA 2.5.0 an alternative was (re-)introduced. Please adjust your configuration. For more information visit the website: http://tgmpluginactivation.com/configuration/#h-configuration-options. in /homepages/29/d497100605/htdocs/cuervo/fundacion-donde/wp-includes/functions.php on line 3936
[15-Feb-2017 17:03:36 UTC] PHP Notice:  tgmpa fue llamado con un argumento que está <strong>obsoleto</strong> desde la versión 2.4.0! The `parent_menu_slug` config parameter was removed in TGMPA 2.4.0. In TGMPA 2.5.0 an alternative was (re-)introduced. Please adjust your configuration. For more information visit the website: http://tgmpluginactivation.com/configuration/#h-configuration-options. in /homepages/29/d497100605/htdocs/cuervo/fundacion-donde/wp-includes/functions.php on line 3936
[15-Feb-2017 17:03:36 UTC] PHP Notice:  tgmpa fue llamado con un argumento que está <strong>obsoleto</strong> desde la versión 2.4.0! The `parent_url_slug` config parameter was removed in TGMPA 2.4.0. In TGMPA 2.5.0 an alternative was (re-)introduced. Please adjust your configuration. For more information visit the website: http://tgmpluginactivation.com/configuration/#h-configuration-options. in /homepages/29/d497100605/htdocs/cuervo/fundacion-donde/wp-includes/functions.php on line 3936
[15-Feb-2017 17:04:16 UTC] PHP Notice:  tgmpa fue llamado con un argumento que está <strong>obsoleto</strong> desde la versión 2.4.0! The `parent_menu_slug` config parameter was removed in TGMPA 2.4.0. In TGMPA 2.5.0 an alternative was (re-)introduced. Please adjust your configuration. For more information visit the website: http://tgmpluginactivation.com/configuration/#h-configuration-options. in /homepages/29/d497100605/htdocs/cuervo/fundacion-donde/wp-includes/functions.php on line 3936
[15-Feb-2017 17:04:16 UTC] PHP Notice:  tgmpa fue llamado con un argumento que está <strong>obsoleto</strong> desde la versión 2.4.0! The `parent_url_slug` config parameter was removed in TGMPA 2.4.0. In TGMPA 2.5.0 an alternative was (re-)introduced. Please adjust your configuration. For more information visit the website: http://tgmpluginactivation.com/configuration/#h-configuration-options. in /homepages/29/d497100605/htdocs/cuervo/fundacion-donde/wp-includes/functions.php on line 3936
[15-Feb-2017 17:04:52 UTC] PHP Notice:  tgmpa fue llamado con un argumento que está <strong>obsoleto</strong> desde la versión 2.4.0! The `parent_menu_slug` config parameter was removed in TGMPA 2.4.0. In TGMPA 2.5.0 an alternative was (re-)introduced. Please adjust your configuration. For more information visit the website: http://tgmpluginactivation.com/configuration/#h-configuration-options. in /homepages/29/d497100605/htdocs/cuervo/fundacion-donde/wp-includes/functions.php on line 3936
[15-Feb-2017 17:04:52 UTC] PHP Notice:  tgmpa fue llamado con un argumento que está <strong>obsoleto</strong> desde la versión 2.4.0! The `parent_url_slug` config parameter was removed in TGMPA 2.4.0. In TGMPA 2.5.0 an alternative was (re-)introduced. Please adjust your configuration. For more information visit the website: http://tgmpluginactivation.com/configuration/#h-configuration-options. in /homepages/29/d497100605/htdocs/cuervo/fundacion-donde/wp-includes/functions.php on line 3936
[15-Feb-2017 17:06:10 UTC] PHP Notice:  tgmpa fue llamado con un argumento que está <strong>obsoleto</strong> desde la versión 2.4.0! The `parent_menu_slug` config parameter was removed in TGMPA 2.4.0. In TGMPA 2.5.0 an alternative was (re-)introduced. Please adjust your configuration. For more information visit the website: http://tgmpluginactivation.com/configuration/#h-configuration-options. in /homepages/29/d497100605/htdocs/cuervo/fundacion-donde/wp-includes/functions.php on line 3936
[15-Feb-2017 17:06:10 UTC] PHP Notice:  tgmpa fue llamado con un argumento que está <strong>obsoleto</strong> desde la versión 2.4.0! The `parent_url_slug` config parameter was removed in TGMPA 2.4.0. In TGMPA 2.5.0 an alternative was (re-)introduced. Please adjust your configuration. For more information visit the website: http://tgmpluginactivation.com/configuration/#h-configuration-options. in /homepages/29/d497100605/htdocs/cuervo/fundacion-donde/wp-includes/functions.php on line 3936
[15-Feb-2017 17:06:24 UTC] PHP Notice:  tgmpa fue llamado con un argumento que está <strong>obsoleto</strong> desde la versión 2.4.0! The `parent_menu_slug` config parameter was removed in TGMPA 2.4.0. In TGMPA 2.5.0 an alternative was (re-)introduced. Please adjust your configuration. For more information visit the website: http://tgmpluginactivation.com/configuration/#h-configuration-options. in /homepages/29/d497100605/htdocs/cuervo/fundacion-donde/wp-includes/functions.php on line 3936
[15-Feb-2017 17:06:24 UTC] PHP Notice:  tgmpa fue llamado con un argumento que está <strong>obsoleto</strong> desde la versión 2.4.0! The `parent_url_slug` config parameter was removed in TGMPA 2.4.0. In TGMPA 2.5.0 an alternative was (re-)introduced. Please adjust your configuration. For more information visit the website: http://tgmpluginactivation.com/configuration/#h-configuration-options. in /homepages/29/d497100605/htdocs/cuervo/fundacion-donde/wp-includes/functions.php on line 3936
[15-Feb-2017 17:06:34 UTC] PHP Notice:  tgmpa fue llamado con un argumento que está <strong>obsoleto</strong> desde la versión 2.4.0! The `parent_menu_slug` config parameter was removed in TGMPA 2.4.0. In TGMPA 2.5.0 an alternative was (re-)introduced. Please adjust your configuration. For more information visit the website: http://tgmpluginactivation.com/configuration/#h-configuration-options. in /homepages/29/d497100605/htdocs/cuervo/fundacion-donde/wp-includes/functions.php on line 3936
[15-Feb-2017 17:06:34 UTC] PHP Notice:  tgmpa fue llamado con un argumento que está <strong>obsoleto</strong> desde la versión 2.4.0! The `parent_url_slug` config parameter was removed in TGMPA 2.4.0. In TGMPA 2.5.0 an alternative was (re-)introduced. Please adjust your configuration. For more information visit the website: http://tgmpluginactivation.com/configuration/#h-configuration-options. in /homepages/29/d497100605/htdocs/cuervo/fundacion-donde/wp-includes/functions.php on line 3936
[15-Feb-2017 17:06:37 UTC] PHP Notice:  tgmpa fue llamado con un argumento que está <strong>obsoleto</strong> desde la versión 2.4.0! The `parent_menu_slug` config parameter was removed in TGMPA 2.4.0. In TGMPA 2.5.0 an alternative was (re-)introduced. Please adjust your configuration. For more information visit the website: http://tgmpluginactivation.com/configuration/#h-configuration-options. in /homepages/29/d497100605/htdocs/cuervo/fundacion-donde/wp-includes/functions.php on line 3936
[15-Feb-2017 17:06:37 UTC] PHP Notice:  tgmpa fue llamado con un argumento que está <strong>obsoleto</strong> desde la versión 2.4.0! The `parent_url_slug` config parameter was removed in TGMPA 2.4.0. In TGMPA 2.5.0 an alternative was (re-)introduced. Please adjust your configuration. For more information visit the website: http://tgmpluginactivation.com/configuration/#h-configuration-options. in /homepages/29/d497100605/htdocs/cuervo/fundacion-donde/wp-includes/functions.php on line 3936
[15-Feb-2017 17:07:11 UTC] PHP Notice:  tgmpa fue llamado con un argumento que está <strong>obsoleto</strong> desde la versión 2.4.0! The `parent_menu_slug` config parameter was removed in TGMPA 2.4.0. In TGMPA 2.5.0 an alternative was (re-)introduced. Please adjust your configuration. For more information visit the website: http://tgmpluginactivation.com/configuration/#h-configuration-options. in /homepages/29/d497100605/htdocs/cuervo/fundacion-donde/wp-includes/functions.php on line 3936
[15-Feb-2017 17:07:11 UTC] PHP Notice:  tgmpa fue llamado con un argumento que está <strong>obsoleto</strong> desde la versión 2.4.0! The `parent_url_slug` config parameter was removed in TGMPA 2.4.0. In TGMPA 2.5.0 an alternative was (re-)introduced. Please adjust your configuration. For more information visit the website: http://tgmpluginactivation.com/configuration/#h-configuration-options. in /homepages/29/d497100605/htdocs/cuervo/fundacion-donde/wp-includes/functions.php on line 3936
[15-Feb-2017 17:07:20 UTC] PHP Notice:  tgmpa fue llamado con un argumento que está <strong>obsoleto</strong> desde la versión 2.4.0! The `parent_menu_slug` config parameter was removed in TGMPA 2.4.0. In TGMPA 2.5.0 an alternative was (re-)introduced. Please adjust your configuration. For more information visit the website: http://tgmpluginactivation.com/configuration/#h-configuration-options. in /homepages/29/d497100605/htdocs/cuervo/fundacion-donde/wp-includes/functions.php on line 3936
[15-Feb-2017 17:07:20 UTC] PHP Notice:  tgmpa fue llamado con un argumento que está <strong>obsoleto</strong> desde la versión 2.4.0! The `parent_url_slug` config parameter was removed in TGMPA 2.4.0. In TGMPA 2.5.0 an alternative was (re-)introduced. Please adjust your configuration. For more information visit the website: http://tgmpluginactivation.com/configuration/#h-configuration-options. in /homepages/29/d497100605/htdocs/cuervo/fundacion-donde/wp-includes/functions.php on line 3936
[15-Feb-2017 17:07:29 UTC] PHP Notice:  tgmpa fue llamado con un argumento que está <strong>obsoleto</strong> desde la versión 2.4.0! The `parent_menu_slug` config parameter was removed in TGMPA 2.4.0. In TGMPA 2.5.0 an alternative was (re-)introduced. Please adjust your configuration. For more information visit the website: http://tgmpluginactivation.com/configuration/#h-configuration-options. in /homepages/29/d497100605/htdocs/cuervo/fundacion-donde/wp-includes/functions.php on line 3936
[15-Feb-2017 17:07:29 UTC] PHP Notice:  tgmpa fue llamado con un argumento que está <strong>obsoleto</strong> desde la versión 2.4.0! The `parent_url_slug` config parameter was removed in TGMPA 2.4.0. In TGMPA 2.5.0 an alternative was (re-)introduced. Please adjust your configuration. For more information visit the website: http://tgmpluginactivation.com/configuration/#h-configuration-options. in /homepages/29/d497100605/htdocs/cuervo/fundacion-donde/wp-includes/functions.php on line 3936
[15-Feb-2017 17:07:29 UTC] %%%%%%%%%%%%%%%%%%%%%%%%%%% Order PAYMENT COMPLETED for order 327
[15-Feb-2017 17:07:30 UTC] CORREO -> 
[15-Feb-2017 17:07:32 UTC] PHP Notice:  tgmpa fue llamado con un argumento que está <strong>obsoleto</strong> desde la versión 2.4.0! The `parent_menu_slug` config parameter was removed in TGMPA 2.4.0. In TGMPA 2.5.0 an alternative was (re-)introduced. Please adjust your configuration. For more information visit the website: http://tgmpluginactivation.com/configuration/#h-configuration-options. in /homepages/29/d497100605/htdocs/cuervo/fundacion-donde/wp-includes/functions.php on line 3936
[15-Feb-2017 17:07:32 UTC] PHP Notice:  tgmpa fue llamado con un argumento que está <strong>obsoleto</strong> desde la versión 2.4.0! The `parent_url_slug` config parameter was removed in TGMPA 2.4.0. In TGMPA 2.5.0 an alternative was (re-)introduced. Please adjust your configuration. For more information visit the website: http://tgmpluginactivation.com/configuration/#h-configuration-options. in /homepages/29/d497100605/htdocs/cuervo/fundacion-donde/wp-includes/functions.php on line 3936
[15-Feb-2017 17:18:51 UTC] PHP Notice:  tgmpa fue llamado con un argumento que está <strong>obsoleto</strong> desde la versión 2.4.0! The `parent_menu_slug` config parameter was removed in TGMPA 2.4.0. In TGMPA 2.5.0 an alternative was (re-)introduced. Please adjust your configuration. For more information visit the website: http://tgmpluginactivation.com/configuration/#h-configuration-options. in /homepages/29/d497100605/htdocs/cuervo/fundacion-donde/wp-includes/functions.php on line 3936
[15-Feb-2017 17:18:51 UTC] PHP Notice:  tgmpa fue llamado con un argumento que está <strong>obsoleto</strong> desde la versión 2.4.0! The `parent_url_slug` config parameter was removed in TGMPA 2.4.0. In TGMPA 2.5.0 an alternative was (re-)introduced. Please adjust your configuration. For more information visit the website: http://tgmpluginactivation.com/configuration/#h-configuration-options. in /homepages/29/d497100605/htdocs/cuervo/fundacion-donde/wp-includes/functions.php on line 3936
[15-Feb-2017 17:18:54 UTC] PHP Notice:  tgmpa fue llamado con un argumento que está <strong>obsoleto</strong> desde la versión 2.4.0! The `parent_menu_slug` config parameter was removed in TGMPA 2.4.0. In TGMPA 2.5.0 an alternative was (re-)introduced. Please adjust your configuration. For more information visit the website: http://tgmpluginactivation.com/configuration/#h-configuration-options. in /homepages/29/d497100605/htdocs/cuervo/fundacion-donde/wp-includes/functions.php on line 3936
[15-Feb-2017 17:18:54 UTC] PHP Notice:  tgmpa fue llamado con un argumento que está <strong>obsoleto</strong> desde la versión 2.4.0! The `parent_url_slug` config parameter was removed in TGMPA 2.4.0. In TGMPA 2.5.0 an alternative was (re-)introduced. Please adjust your configuration. For more information visit the website: http://tgmpluginactivation.com/configuration/#h-configuration-options. in /homepages/29/d497100605/htdocs/cuervo/fundacion-donde/wp-includes/functions.php on line 3936
[15-Feb-2017 17:19:07 UTC] PHP Notice:  tgmpa fue llamado con un argumento que está <strong>obsoleto</strong> desde la versión 2.4.0! The `parent_menu_slug` config parameter was removed in TGMPA 2.4.0. In TGMPA 2.5.0 an alternative was (re-)introduced. Please adjust your configuration. For more information visit the website: http://tgmpluginactivation.com/configuration/#h-configuration-options. in /homepages/29/d497100605/htdocs/cuervo/fundacion-donde/wp-includes/functions.php on line 3936
[15-Feb-2017 17:19:07 UTC] PHP Notice:  tgmpa fue llamado con un argumento que está <strong>obsoleto</strong> desde la versión 2.4.0! The `parent_url_slug` config parameter was removed in TGMPA 2.4.0. In TGMPA 2.5.0 an alternative was (re-)introduced. Please adjust your configuration. For more information visit the website: http://tgmpluginactivation.com/configuration/#h-configuration-options. in /homepages/29/d497100605/htdocs/cuervo/fundacion-donde/wp-includes/functions.php on line 3936
[15-Feb-2017 17:19:08 UTC] %%%%%%%%%%%%%%%%%%%%%%%%%%% Order PAYMENT COMPLETED for order 327
[15-Feb-2017 17:19:08 UTC] ==============>
[15-Feb-2017 17:19:08 UTC] CORREO -> 
[15-Feb-2017 17:19:11 UTC] PHP Notice:  tgmpa fue llamado con un argumento que está <strong>obsoleto</strong> desde la versión 2.4.0! The `parent_menu_slug` config parameter was removed in TGMPA 2.4.0. In TGMPA 2.5.0 an alternative was (re-)introduced. Please adjust your configuration. For more information visit the website: http://tgmpluginactivation.com/configuration/#h-configuration-options. in /homepages/29/d497100605/htdocs/cuervo/fundacion-donde/wp-includes/functions.php on line 3936
[15-Feb-2017 17:19:11 UTC] PHP Notice:  tgmpa fue llamado con un argumento que está <strong>obsoleto</strong> desde la versión 2.4.0! The `parent_url_slug` config parameter was removed in TGMPA 2.4.0. In TGMPA 2.5.0 an alternative was (re-)introduced. Please adjust your configuration. For more information visit the website: http://tgmpluginactivation.com/configuration/#h-configuration-options. in /homepages/29/d497100605/htdocs/cuervo/fundacion-donde/wp-includes/functions.php on line 3936
[15-Feb-2017 17:21:01 UTC] PHP Notice:  tgmpa fue llamado con un argumento que está <strong>obsoleto</strong> desde la versión 2.4.0! The `parent_menu_slug` config parameter was removed in TGMPA 2.4.0. In TGMPA 2.5.0 an alternative was (re-)introduced. Please adjust your configuration. For more information visit the website: http://tgmpluginactivation.com/configuration/#h-configuration-options. in /homepages/29/d497100605/htdocs/cuervo/fundacion-donde/wp-includes/functions.php on line 3936
[15-Feb-2017 17:21:01 UTC] PHP Notice:  tgmpa fue llamado con un argumento que está <strong>obsoleto</strong> desde la versión 2.4.0! The `parent_url_slug` config parameter was removed in TGMPA 2.4.0. In TGMPA 2.5.0 an alternative was (re-)introduced. Please adjust your configuration. For more information visit the website: http://tgmpluginactivation.com/configuration/#h-configuration-options. in /homepages/29/d497100605/htdocs/cuervo/fundacion-donde/wp-includes/functions.php on line 3936
[15-Feb-2017 17:21:04 UTC] PHP Notice:  tgmpa fue llamado con un argumento que está <strong>obsoleto</strong> desde la versión 2.4.0! The `parent_menu_slug` config parameter was removed in TGMPA 2.4.0. In TGMPA 2.5.0 an alternative was (re-)introduced. Please adjust your configuration. For more information visit the website: http://tgmpluginactivation.com/configuration/#h-configuration-options. in /homepages/29/d497100605/htdocs/cuervo/fundacion-donde/wp-includes/functions.php on line 3936
[15-Feb-2017 17:21:04 UTC] PHP Notice:  tgmpa fue llamado con un argumento que está <strong>obsoleto</strong> desde la versión 2.4.0! The `parent_url_slug` config parameter was removed in TGMPA 2.4.0. In TGMPA 2.5.0 an alternative was (re-)introduced. Please adjust your configuration. For more information visit the website: http://tgmpluginactivation.com/configuration/#h-configuration-options. in /homepages/29/d497100605/htdocs/cuervo/fundacion-donde/wp-includes/functions.php on line 3936
[15-Feb-2017 17:21:15 UTC] PHP Notice:  tgmpa fue llamado con un argumento que está <strong>obsoleto</strong> desde la versión 2.4.0! The `parent_menu_slug` config parameter was removed in TGMPA 2.4.0. In TGMPA 2.5.0 an alternative was (re-)introduced. Please adjust your configuration. For more information visit the website: http://tgmpluginactivation.com/configuration/#h-configuration-options. in /homepages/29/d497100605/htdocs/cuervo/fundacion-donde/wp-includes/functions.php on line 3936
[15-Feb-2017 17:21:15 UTC] PHP Notice:  tgmpa fue llamado con un argumento que está <strong>obsoleto</strong> desde la versión 2.4.0! The `parent_url_slug` config parameter was removed in TGMPA 2.4.0. In TGMPA 2.5.0 an alternative was (re-)introduced. Please adjust your configuration. For more information visit the website: http://tgmpluginactivation.com/configuration/#h-configuration-options. in /homepages/29/d497100605/htdocs/cuervo/fundacion-donde/wp-includes/functions.php on line 3936
[15-Feb-2017 17:21:16 UTC] %%%%%%%%%%%%%%%%%%%%%%%%%%% Order PAYMENT COMPLETED for order 327
[15-Feb-2017 17:21:16 UTC] ooooooooooooo>
[15-Feb-2017 17:21:16 UTC] iiiiiiiiiiiii>
[15-Feb-2017 17:21:16 UTC] ==============>
[15-Feb-2017 17:21:16 UTC] CORREO -> 
[15-Feb-2017 17:21:20 UTC] PHP Notice:  tgmpa fue llamado con un argumento que está <strong>obsoleto</strong> desde la versión 2.4.0! The `parent_menu_slug` config parameter was removed in TGMPA 2.4.0. In TGMPA 2.5.0 an alternative was (re-)introduced. Please adjust your configuration. For more information visit the website: http://tgmpluginactivation.com/configuration/#h-configuration-options. in /homepages/29/d497100605/htdocs/cuervo/fundacion-donde/wp-includes/functions.php on line 3936
[15-Feb-2017 17:21:20 UTC] PHP Notice:  tgmpa fue llamado con un argumento que está <strong>obsoleto</strong> desde la versión 2.4.0! The `parent_url_slug` config parameter was removed in TGMPA 2.4.0. In TGMPA 2.5.0 an alternative was (re-)introduced. Please adjust your configuration. For more information visit the website: http://tgmpluginactivation.com/configuration/#h-configuration-options. in /homepages/29/d497100605/htdocs/cuervo/fundacion-donde/wp-includes/functions.php on line 3936
[15-Feb-2017 17:22:23 UTC] PHP Notice:  tgmpa fue llamado con un argumento que está <strong>obsoleto</strong> desde la versión 2.4.0! The `parent_menu_slug` config parameter was removed in TGMPA 2.4.0. In TGMPA 2.5.0 an alternative was (re-)introduced. Please adjust your configuration. For more information visit the website: http://tgmpluginactivation.com/configuration/#h-configuration-options. in /homepages/29/d497100605/htdocs/cuervo/fundacion-donde/wp-includes/functions.php on line 3936
[15-Feb-2017 17:22:23 UTC] PHP Notice:  tgmpa fue llamado con un argumento que está <strong>obsoleto</strong> desde la versión 2.4.0! The `parent_url_slug` config parameter was removed in TGMPA 2.4.0. In TGMPA 2.5.0 an alternative was (re-)introduced. Please adjust your configuration. For more information visit the website: http://tgmpluginactivation.com/configuration/#h-configuration-options. in /homepages/29/d497100605/htdocs/cuervo/fundacion-donde/wp-includes/functions.php on line 3936
[15-Feb-2017 17:22:47 UTC] PHP Notice:  tgmpa fue llamado con un argumento que está <strong>obsoleto</strong> desde la versión 2.4.0! The `parent_menu_slug` config parameter was removed in TGMPA 2.4.0. In TGMPA 2.5.0 an alternative was (re-)introduced. Please adjust your configuration. For more information visit the website: http://tgmpluginactivation.com/configuration/#h-configuration-options. in /homepages/29/d497100605/htdocs/cuervo/fundacion-donde/wp-includes/functions.php on line 3936
[15-Feb-2017 17:22:47 UTC] PHP Notice:  tgmpa fue llamado con un argumento que está <strong>obsoleto</strong> desde la versión 2.4.0! The `parent_url_slug` config parameter was removed in TGMPA 2.4.0. In TGMPA 2.5.0 an alternative was (re-)introduced. Please adjust your configuration. For more information visit the website: http://tgmpluginactivation.com/configuration/#h-configuration-options. in /homepages/29/d497100605/htdocs/cuervo/fundacion-donde/wp-includes/functions.php on line 3936
[15-Feb-2017 17:22:52 UTC] PHP Notice:  tgmpa fue llamado con un argumento que está <strong>obsoleto</strong> desde la versión 2.4.0! The `parent_menu_slug` config parameter was removed in TGMPA 2.4.0. In TGMPA 2.5.0 an alternative was (re-)introduced. Please adjust your configuration. For more information visit the website: http://tgmpluginactivation.com/configuration/#h-configuration-options. in /homepages/29/d497100605/htdocs/cuervo/fundacion-donde/wp-includes/functions.php on line 3936
[15-Feb-2017 17:22:52 UTC] PHP Notice:  tgmpa fue llamado con un argumento que está <strong>obsoleto</strong> desde la versión 2.4.0! The `parent_url_slug` config parameter was removed in TGMPA 2.4.0. In TGMPA 2.5.0 an alternative was (re-)introduced. Please adjust your configuration. For more information visit the website: http://tgmpluginactivation.com/configuration/#h-configuration-options. in /homepages/29/d497100605/htdocs/cuervo/fundacion-donde/wp-includes/functions.php on line 3936
[15-Feb-2017 17:38:53 UTC] PHP Notice:  tgmpa fue llamado con un argumento que está <strong>obsoleto</strong> desde la versión 2.4.0! The `parent_menu_slug` config parameter was removed in TGMPA 2.4.0. In TGMPA 2.5.0 an alternative was (re-)introduced. Please adjust your configuration. For more information visit the website: http://tgmpluginactivation.com/configuration/#h-configuration-options. in /homepages/29/d497100605/htdocs/cuervo/fundacion-donde/wp-includes/functions.php on line 3936
[15-Feb-2017 17:38:53 UTC] PHP Notice:  tgmpa fue llamado con un argumento que está <strong>obsoleto</strong> desde la versión 2.4.0! The `parent_url_slug` config parameter was removed in TGMPA 2.4.0. In TGMPA 2.5.0 an alternative was (re-)introduced. Please adjust your configuration. For more information visit the website: http://tgmpluginactivation.com/configuration/#h-configuration-options. in /homepages/29/d497100605/htdocs/cuervo/fundacion-donde/wp-includes/functions.php on line 3936
[15-Feb-2017 17:38:56 UTC] PHP Notice:  tgmpa fue llamado con un argumento que está <strong>obsoleto</strong> desde la versión 2.4.0! The `parent_menu_slug` config parameter was removed in TGMPA 2.4.0. In TGMPA 2.5.0 an alternative was (re-)introduced. Please adjust your configuration. For more information visit the website: http://tgmpluginactivation.com/configuration/#h-configuration-options. in /homepages/29/d497100605/htdocs/cuervo/fundacion-donde/wp-includes/functions.php on line 3936
[15-Feb-2017 17:38:56 UTC] PHP Notice:  tgmpa fue llamado con un argumento que está <strong>obsoleto</strong> desde la versión 2.4.0! The `parent_url_slug` config parameter was removed in TGMPA 2.4.0. In TGMPA 2.5.0 an alternative was (re-)introduced. Please adjust your configuration. For more information visit the website: http://tgmpluginactivation.com/configuration/#h-configuration-options. in /homepages/29/d497100605/htdocs/cuervo/fundacion-donde/wp-includes/functions.php on line 3936
[15-Feb-2017 17:39:06 UTC] PHP Notice:  tgmpa fue llamado con un argumento que está <strong>obsoleto</strong> desde la versión 2.4.0! The `parent_menu_slug` config parameter was removed in TGMPA 2.4.0. In TGMPA 2.5.0 an alternative was (re-)introduced. Please adjust your configuration. For more information visit the website: http://tgmpluginactivation.com/configuration/#h-configuration-options. in /homepages/29/d497100605/htdocs/cuervo/fundacion-donde/wp-includes/functions.php on line 3936
[15-Feb-2017 17:39:06 UTC] PHP Notice:  tgmpa fue llamado con un argumento que está <strong>obsoleto</strong> desde la versión 2.4.0! The `parent_url_slug` config parameter was removed in TGMPA 2.4.0. In TGMPA 2.5.0 an alternative was (re-)introduced. Please adjust your configuration. For more information visit the website: http://tgmpluginactivation.com/configuration/#h-configuration-options. in /homepages/29/d497100605/htdocs/cuervo/fundacion-donde/wp-includes/functions.php on line 3936
[15-Feb-2017 17:39:06 UTC] %%%%%%%%%%%%%%%%%%%%%%%%%%% Order PAYMENT COMPLETED for order 327
[15-Feb-2017 17:39:06 UTC] ===---1
[15-Feb-2017 17:39:06 UTC] ooooooooooooo>323
[15-Feb-2017 17:39:06 UTC] Array
(
    [_vc_post_settings] => Array
        (
            [0] => a:1:{s:10:"vc_grid_id";a:0:{}}
        )

    [_edit_last] => Array
        (
            [0] => 1
        )

    [_edit_lock] => Array
        (
            [0] => 1487180332:1
        )

    [numero_sucursal] => Array
        (
            [0] => 1
        )

    [email_responsable_principal] => Array
        (
            [0] => jonas@pcuervo.com
        )

    [email_responsable_secundario] => Array
        (
            [0] => jonasgraterol@gmail.com
        )

    [email_responsable_terciario] => Array
        (
            [0] => 
        )

)

[15-Feb-2017 17:39:06 UTC] ==============>jonas@pcuervo.com,jonasgraterol@gmail.com
[15-Feb-2017 17:39:07 UTC] CORREO -> 1
[15-Feb-2017 17:39:08 UTC] PHP Notice:  tgmpa fue llamado con un argumento que está <strong>obsoleto</strong> desde la versión 2.4.0! The `parent_menu_slug` config parameter was removed in TGMPA 2.4.0. In TGMPA 2.5.0 an alternative was (re-)introduced. Please adjust your configuration. For more information visit the website: http://tgmpluginactivation.com/configuration/#h-configuration-options. in /homepages/29/d497100605/htdocs/cuervo/fundacion-donde/wp-includes/functions.php on line 3936
[15-Feb-2017 17:39:08 UTC] PHP Notice:  tgmpa fue llamado con un argumento que está <strong>obsoleto</strong> desde la versión 2.4.0! The `parent_url_slug` config parameter was removed in TGMPA 2.4.0. In TGMPA 2.5.0 an alternative was (re-)introduced. Please adjust your configuration. For more information visit the website: http://tgmpluginactivation.com/configuration/#h-configuration-options. in /homepages/29/d497100605/htdocs/cuervo/fundacion-donde/wp-includes/functions.php on line 3936
[15-Feb-2017 17:48:23 UTC] PHP Notice:  tgmpa fue llamado con un argumento que está <strong>obsoleto</strong> desde la versión 2.4.0! The `parent_menu_slug` config parameter was removed in TGMPA 2.4.0. In TGMPA 2.5.0 an alternative was (re-)introduced. Please adjust your configuration. For more information visit the website: http://tgmpluginactivation.com/configuration/#h-configuration-options. in C:\wamp\www\fundacion-donde\wp-includes\functions.php on line 3887
[15-Feb-2017 17:48:23 UTC] PHP Stack trace:
[15-Feb-2017 17:48:23 UTC] PHP   1. {main}() C:\wamp\www\fundacion-donde\wp-admin\admin.php:0
[15-Feb-2017 17:48:23 UTC] PHP   2. require_once() C:\wamp\www\fundacion-donde\wp-admin\admin.php:31
[15-Feb-2017 17:48:23 UTC] PHP   3. require_once() C:\wamp\www\fundacion-donde\wp-load.php:37
[15-Feb-2017 17:48:23 UTC] PHP   4. require_once() C:\wamp\www\fundacion-donde\wp-config.php:91
[15-Feb-2017 17:48:23 UTC] PHP   5. do_action() C:\wamp\www\fundacion-donde\wp-settings.php:393
[15-Feb-2017 17:48:23 UTC] PHP   6. call_user_func_array() C:\wamp\www\fundacion-donde\wp-includes\plugin.php:525
[15-Feb-2017 17:48:23 UTC] PHP   7. TGM_Plugin_Activation->init() C:\wamp\www\fundacion-donde\wp-includes\plugin.php:525
[15-Feb-2017 17:48:23 UTC] PHP   8. do_action() C:\wamp\www\fundacion-donde\wp-content\themes\unitheme\includes\class-tgm-plugin-activation.php:407
[15-Feb-2017 17:48:23 UTC] PHP   9. call_user_func_array() C:\wamp\www\fundacion-donde\wp-includes\plugin.php:525
[15-Feb-2017 17:48:23 UTC] PHP  10. ninzio_register_required_plugins() C:\wamp\www\fundacion-donde\wp-includes\plugin.php:525
[15-Feb-2017 17:48:23 UTC] PHP  11. tgmpa() C:\wamp\www\fundacion-donde\wp-content\themes\unitheme\functions.php:102
[15-Feb-2017 17:48:23 UTC] PHP  12. _deprecated_argument() C:\wamp\www\fundacion-donde\wp-content\themes\unitheme\includes\class-tgm-plugin-activation.php:2143
[15-Feb-2017 17:48:23 UTC] PHP  13. trigger_error() C:\wamp\www\fundacion-donde\wp-includes\functions.php:3887
[15-Feb-2017 17:48:23 UTC] PHP Notice:  tgmpa fue llamado con un argumento que está <strong>obsoleto</strong> desde la versión 2.4.0! The `parent_url_slug` config parameter was removed in TGMPA 2.4.0. In TGMPA 2.5.0 an alternative was (re-)introduced. Please adjust your configuration. For more information visit the website: http://tgmpluginactivation.com/configuration/#h-configuration-options. in C:\wamp\www\fundacion-donde\wp-includes\functions.php on line 3887
[15-Feb-2017 17:48:23 UTC] PHP Stack trace:
[15-Feb-2017 17:48:23 UTC] PHP   1. {main}() C:\wamp\www\fundacion-donde\wp-admin\admin.php:0
[15-Feb-2017 17:48:23 UTC] PHP   2. require_once() C:\wamp\www\fundacion-donde\wp-admin\admin.php:31
[15-Feb-2017 17:48:23 UTC] PHP   3. require_once() C:\wamp\www\fundacion-donde\wp-load.php:37
[15-Feb-2017 17:48:23 UTC] PHP   4. require_once() C:\wamp\www\fundacion-donde\wp-config.php:91
[15-Feb-2017 17:48:23 UTC] PHP   5. do_action() C:\wamp\www\fundacion-donde\wp-settings.php:393
[15-Feb-2017 17:48:23 UTC] PHP   6. call_user_func_array() C:\wamp\www\fundacion-donde\wp-includes\plugin.php:525
[15-Feb-2017 17:48:23 UTC] PHP   7. TGM_Plugin_Activation->init() C:\wamp\www\fundacion-donde\wp-includes\plugin.php:525
[15-Feb-2017 17:48:23 UTC] PHP   8. do_action() C:\wamp\www\fundacion-donde\wp-content\themes\unitheme\includes\class-tgm-plugin-activation.php:407
[15-Feb-2017 17:48:23 UTC] PHP   9. call_user_func_array() C:\wamp\www\fundacion-donde\wp-includes\plugin.php:525
[15-Feb-2017 17:48:23 UTC] PHP  10. ninzio_register_required_plugins() C:\wamp\www\fundacion-donde\wp-includes\plugin.php:525
[15-Feb-2017 17:48:23 UTC] PHP  11. tgmpa() C:\wamp\www\fundacion-donde\wp-content\themes\unitheme\functions.php:102
[15-Feb-2017 17:48:23 UTC] PHP  12. _deprecated_argument() C:\wamp\www\fundacion-donde\wp-content\themes\unitheme\includes\class-tgm-plugin-activation.php:2146
[15-Feb-2017 17:48:23 UTC] PHP  13. trigger_error() C:\wamp\www\fundacion-donde\wp-includes\functions.php:3887
[15-Feb-2017 17:48:33 UTC] PHP Notice:  tgmpa fue llamado con un argumento que está <strong>obsoleto</strong> desde la versión 2.4.0! The `parent_menu_slug` config parameter was removed in TGMPA 2.4.0. In TGMPA 2.5.0 an alternative was (re-)introduced. Please adjust your configuration. For more information visit the website: http://tgmpluginactivation.com/configuration/#h-configuration-options. in C:\wamp\www\fundacion-donde\wp-includes\functions.php on line 3887
[15-Feb-2017 17:48:33 UTC] PHP Stack trace:
[15-Feb-2017 17:48:33 UTC] PHP   1. {main}() C:\wamp\www\fundacion-donde\wp-admin\admin.php:0
[15-Feb-2017 17:48:33 UTC] PHP   2. require_once() C:\wamp\www\fundacion-donde\wp-admin\admin.php:31
[15-Feb-2017 17:48:33 UTC] PHP   3. require_once() C:\wamp\www\fundacion-donde\wp-load.php:37
[15-Feb-2017 17:48:33 UTC] PHP   4. require_once() C:\wamp\www\fundacion-donde\wp-config.php:91
[15-Feb-2017 17:48:33 UTC] PHP   5. do_action() C:\wamp\www\fundacion-donde\wp-settings.php:393
[15-Feb-2017 17:48:33 UTC] PHP   6. call_user_func_array() C:\wamp\www\fundacion-donde\wp-includes\plugin.php:525
[15-Feb-2017 17:48:33 UTC] PHP   7. TGM_Plugin_Activation->init() C:\wamp\www\fundacion-donde\wp-includes\plugin.php:525
[15-Feb-2017 17:48:33 UTC] PHP   8. do_action() C:\wamp\www\fundacion-donde\wp-content\themes\unitheme\includes\class-tgm-plugin-activation.php:407
[15-Feb-2017 17:48:33 UTC] PHP   9. call_user_func_array() C:\wamp\www\fundacion-donde\wp-includes\plugin.php:525
[15-Feb-2017 17:48:33 UTC] PHP  10. ninzio_register_required_plugins() C:\wamp\www\fundacion-donde\wp-includes\plugin.php:525
[15-Feb-2017 17:48:33 UTC] PHP  11. tgmpa() C:\wamp\www\fundacion-donde\wp-content\themes\unitheme\functions.php:102
[15-Feb-2017 17:48:33 UTC] PHP  12. _deprecated_argument() C:\wamp\www\fundacion-donde\wp-content\themes\unitheme\includes\class-tgm-plugin-activation.php:2143
[15-Feb-2017 17:48:33 UTC] PHP  13. trigger_error() C:\wamp\www\fundacion-donde\wp-includes\functions.php:3887
[15-Feb-2017 17:48:33 UTC] PHP Notice:  tgmpa fue llamado con un argumento que está <strong>obsoleto</strong> desde la versión 2.4.0! The `parent_url_slug` config parameter was removed in TGMPA 2.4.0. In TGMPA 2.5.0 an alternative was (re-)introduced. Please adjust your configuration. For more information visit the website: http://tgmpluginactivation.com/configuration/#h-configuration-options. in C:\wamp\www\fundacion-donde\wp-includes\functions.php on line 3887
[15-Feb-2017 17:48:33 UTC] PHP Stack trace:
[15-Feb-2017 17:48:33 UTC] PHP   1. {main}() C:\wamp\www\fundacion-donde\wp-admin\admin.php:0
[15-Feb-2017 17:48:33 UTC] PHP   2. require_once() C:\wamp\www\fundacion-donde\wp-admin\admin.php:31
[15-Feb-2017 17:48:33 UTC] PHP   3. require_once() C:\wamp\www\fundacion-donde\wp-load.php:37
[15-Feb-2017 17:48:33 UTC] PHP   4. require_once() C:\wamp\www\fundacion-donde\wp-config.php:91
[15-Feb-2017 17:48:33 UTC] PHP   5. do_action() C:\wamp\www\fundacion-donde\wp-settings.php:393
[15-Feb-2017 17:48:33 UTC] PHP   6. call_user_func_array() C:\wamp\www\fundacion-donde\wp-includes\plugin.php:525
[15-Feb-2017 17:48:33 UTC] PHP   7. TGM_Plugin_Activation->init() C:\wamp\www\fundacion-donde\wp-includes\plugin.php:525
[15-Feb-2017 17:48:33 UTC] PHP   8. do_action() C:\wamp\www\fundacion-donde\wp-content\themes\unitheme\includes\class-tgm-plugin-activation.php:407
[15-Feb-2017 17:48:33 UTC] PHP   9. call_user_func_array() C:\wamp\www\fundacion-donde\wp-includes\plugin.php:525
[15-Feb-2017 17:48:33 UTC] PHP  10. ninzio_register_required_plugins() C:\wamp\www\fundacion-donde\wp-includes\plugin.php:525
[15-Feb-2017 17:48:33 UTC] PHP  11. tgmpa() C:\wamp\www\fundacion-donde\wp-content\themes\unitheme\functions.php:102
[15-Feb-2017 17:48:33 UTC] PHP  12. _deprecated_argument() C:\wamp\www\fundacion-donde\wp-content\themes\unitheme\includes\class-tgm-plugin-activation.php:2146
[15-Feb-2017 17:48:33 UTC] PHP  13. trigger_error() C:\wamp\www\fundacion-donde\wp-includes\functions.php:3887
[15-Feb-2017 17:48:34 UTC] PHP Notice:  Undefined variable: respues in C:\wamp\www\fundacion-donde\wp-content\plugins\csv-importer\class-ait-import.php on line 523
[15-Feb-2017 17:48:34 UTC] PHP Stack trace:
[15-Feb-2017 17:48:34 UTC] PHP   1. {main}() C:\wamp\www\fundacion-donde\wp-admin\admin.php:0
[15-Feb-2017 17:48:34 UTC] PHP   2. do_action() C:\wamp\www\fundacion-donde\wp-admin\admin.php:236
[15-Feb-2017 17:48:34 UTC] PHP   3. call_user_func_array() C:\wamp\www\fundacion-donde\wp-includes\plugin.php:525
[15-Feb-2017 17:48:34 UTC] PHP   4. AitImport->display_plugin_admin_page() C:\wamp\www\fundacion-donde\wp-includes\plugin.php:525
[15-Feb-2017 17:48:34 UTC] PHP   5. include_once() C:\wamp\www\fundacion-donde\wp-content\plugins\csv-importer\class-ait-import.php:220
[15-Feb-2017 17:48:34 UTC] PHP   6. AitImport->import_csv() C:\wamp\www\fundacion-donde\wp-content\plugins\csv-importer\views\admin.php:32
[15-Feb-2017 17:48:49 UTC] PHP Notice:  tgmpa fue llamado con un argumento que está <strong>obsoleto</strong> desde la versión 2.4.0! The `parent_menu_slug` config parameter was removed in TGMPA 2.4.0. In TGMPA 2.5.0 an alternative was (re-)introduced. Please adjust your configuration. For more information visit the website: http://tgmpluginactivation.com/configuration/#h-configuration-options. in C:\wamp\www\fundacion-donde\wp-includes\functions.php on line 3887
[15-Feb-2017 17:48:49 UTC] PHP Stack trace:
[15-Feb-2017 17:48:49 UTC] PHP   1. {main}() C:\wamp\www\fundacion-donde\wp-admin\admin.php:0
[15-Feb-2017 17:48:50 UTC] PHP   2. require_once() C:\wamp\www\fundacion-donde\wp-admin\admin.php:31
[15-Feb-2017 17:48:50 UTC] PHP   3. require_once() C:\wamp\www\fundacion-donde\wp-load.php:37
[15-Feb-2017 17:48:50 UTC] PHP   4. require_once() C:\wamp\www\fundacion-donde\wp-config.php:91
[15-Feb-2017 17:48:50 UTC] PHP   5. do_action() C:\wamp\www\fundacion-donde\wp-settings.php:393
[15-Feb-2017 17:48:50 UTC] PHP   6. call_user_func_array() C:\wamp\www\fundacion-donde\wp-includes\plugin.php:525
[15-Feb-2017 17:48:50 UTC] PHP   7. TGM_Plugin_Activation->init() C:\wamp\www\fundacion-donde\wp-includes\plugin.php:525
[15-Feb-2017 17:48:50 UTC] PHP   8. do_action() C:\wamp\www\fundacion-donde\wp-content\themes\unitheme\includes\class-tgm-plugin-activation.php:407
[15-Feb-2017 17:48:50 UTC] PHP   9. call_user_func_array() C:\wamp\www\fundacion-donde\wp-includes\plugin.php:525
[15-Feb-2017 17:48:50 UTC] PHP  10. ninzio_register_required_plugins() C:\wamp\www\fundacion-donde\wp-includes\plugin.php:525
[15-Feb-2017 17:48:50 UTC] PHP  11. tgmpa() C:\wamp\www\fundacion-donde\wp-content\themes\unitheme\functions.php:102
[15-Feb-2017 17:48:50 UTC] PHP  12. _deprecated_argument() C:\wamp\www\fundacion-donde\wp-content\themes\unitheme\includes\class-tgm-plugin-activation.php:2143
[15-Feb-2017 17:48:50 UTC] PHP  13. trigger_error() C:\wamp\www\fundacion-donde\wp-includes\functions.php:3887
[15-Feb-2017 17:48:50 UTC] PHP Notice:  tgmpa fue llamado con un argumento que está <strong>obsoleto</strong> desde la versión 2.4.0! The `parent_url_slug` config parameter was removed in TGMPA 2.4.0. In TGMPA 2.5.0 an alternative was (re-)introduced. Please adjust your configuration. For more information visit the website: http://tgmpluginactivation.com/configuration/#h-configuration-options. in C:\wamp\www\fundacion-donde\wp-includes\functions.php on line 3887
[15-Feb-2017 17:48:50 UTC] PHP Stack trace:
[15-Feb-2017 17:48:50 UTC] PHP   1. {main}() C:\wamp\www\fundacion-donde\wp-admin\admin.php:0
[15-Feb-2017 17:48:50 UTC] PHP   2. require_once() C:\wamp\www\fundacion-donde\wp-admin\admin.php:31
[15-Feb-2017 17:48:50 UTC] PHP   3. require_once() C:\wamp\www\fundacion-donde\wp-load.php:37
[15-Feb-2017 17:48:50 UTC] PHP   4. require_once() C:\wamp\www\fundacion-donde\wp-config.php:91
[15-Feb-2017 17:48:50 UTC] PHP   5. do_action() C:\wamp\www\fundacion-donde\wp-settings.php:393
[15-Feb-2017 17:48:50 UTC] PHP   6. call_user_func_array() C:\wamp\www\fundacion-donde\wp-includes\plugin.php:525
[15-Feb-2017 17:48:50 UTC] PHP   7. TGM_Plugin_Activation->init() C:\wamp\www\fundacion-donde\wp-includes\plugin.php:525
[15-Feb-2017 17:48:50 UTC] PHP   8. do_action() C:\wamp\www\fundacion-donde\wp-content\themes\unitheme\includes\class-tgm-plugin-activation.php:407
[15-Feb-2017 17:48:50 UTC] PHP   9. call_user_func_array() C:\wamp\www\fundacion-donde\wp-includes\plugin.php:525
[15-Feb-2017 17:48:50 UTC] PHP  10. ninzio_register_required_plugins() C:\wamp\www\fundacion-donde\wp-includes\plugin.php:525
[15-Feb-2017 17:48:50 UTC] PHP  11. tgmpa() C:\wamp\www\fundacion-donde\wp-content\themes\unitheme\functions.php:102
[15-Feb-2017 17:48:50 UTC] PHP  12. _deprecated_argument() C:\wamp\www\fundacion-donde\wp-content\themes\unitheme\includes\class-tgm-plugin-activation.php:2146
[15-Feb-2017 17:48:50 UTC] PHP  13. trigger_error() C:\wamp\www\fundacion-donde\wp-includes\functions.php:3887
[15-Feb-2017 17:48:50 UTC] PHP Notice:  Undefined variable: respues in C:\wamp\www\fundacion-donde\wp-content\plugins\csv-importer\class-ait-import.php on line 523
[15-Feb-2017 17:48:50 UTC] PHP Stack trace:
[15-Feb-2017 17:48:50 UTC] PHP   1. {main}() C:\wamp\www\fundacion-donde\wp-admin\admin.php:0
[15-Feb-2017 17:48:50 UTC] PHP   2. do_action() C:\wamp\www\fundacion-donde\wp-admin\admin.php:236
[15-Feb-2017 17:48:50 UTC] PHP   3. call_user_func_array() C:\wamp\www\fundacion-donde\wp-includes\plugin.php:525
[15-Feb-2017 17:48:50 UTC] PHP   4. AitImport->display_plugin_admin_page() C:\wamp\www\fundacion-donde\wp-includes\plugin.php:525
[15-Feb-2017 17:48:50 UTC] PHP   5. include_once() C:\wamp\www\fundacion-donde\wp-content\plugins\csv-importer\class-ait-import.php:220
[15-Feb-2017 17:48:50 UTC] PHP   6. AitImport->import_csv() C:\wamp\www\fundacion-donde\wp-content\plugins\csv-importer\views\admin.php:32
[15-Feb-2017 17:48:58 UTC] PHP Notice:  tgmpa fue llamado con un argumento que está <strong>obsoleto</strong> desde la versión 2.4.0! The `parent_menu_slug` config parameter was removed in TGMPA 2.4.0. In TGMPA 2.5.0 an alternative was (re-)introduced. Please adjust your configuration. For more information visit the website: http://tgmpluginactivation.com/configuration/#h-configuration-options. in C:\wamp\www\fundacion-donde\wp-includes\functions.php on line 3887
[15-Feb-2017 17:48:58 UTC] PHP Stack trace:
[15-Feb-2017 17:48:58 UTC] PHP   1. {main}() C:\wamp\www\fundacion-donde\wp-admin\admin.php:0
[15-Feb-2017 17:48:58 UTC] PHP   2. require_once() C:\wamp\www\fundacion-donde\wp-admin\admin.php:31
[15-Feb-2017 17:48:58 UTC] PHP   3. require_once() C:\wamp\www\fundacion-donde\wp-load.php:37
[15-Feb-2017 17:48:58 UTC] PHP   4. require_once() C:\wamp\www\fundacion-donde\wp-config.php:91
[15-Feb-2017 17:48:58 UTC] PHP   5. do_action() C:\wamp\www\fundacion-donde\wp-settings.php:393
[15-Feb-2017 17:48:58 UTC] PHP   6. call_user_func_array() C:\wamp\www\fundacion-donde\wp-includes\plugin.php:525
[15-Feb-2017 17:48:58 UTC] PHP   7. TGM_Plugin_Activation->init() C:\wamp\www\fundacion-donde\wp-includes\plugin.php:525
[15-Feb-2017 17:48:58 UTC] PHP   8. do_action() C:\wamp\www\fundacion-donde\wp-content\themes\unitheme\includes\class-tgm-plugin-activation.php:407
[15-Feb-2017 17:48:58 UTC] PHP   9. call_user_func_array() C:\wamp\www\fundacion-donde\wp-includes\plugin.php:525
[15-Feb-2017 17:48:58 UTC] PHP  10. ninzio_register_required_plugins() C:\wamp\www\fundacion-donde\wp-includes\plugin.php:525
[15-Feb-2017 17:48:58 UTC] PHP  11. tgmpa() C:\wamp\www\fundacion-donde\wp-content\themes\unitheme\functions.php:102
[15-Feb-2017 17:48:58 UTC] PHP  12. _deprecated_argument() C:\wamp\www\fundacion-donde\wp-content\themes\unitheme\includes\class-tgm-plugin-activation.php:2143
[15-Feb-2017 17:48:58 UTC] PHP  13. trigger_error() C:\wamp\www\fundacion-donde\wp-includes\functions.php:3887
[15-Feb-2017 17:48:58 UTC] PHP Notice:  tgmpa fue llamado con un argumento que está <strong>obsoleto</strong> desde la versión 2.4.0! The `parent_url_slug` config parameter was removed in TGMPA 2.4.0. In TGMPA 2.5.0 an alternative was (re-)introduced. Please adjust your configuration. For more information visit the website: http://tgmpluginactivation.com/configuration/#h-configuration-options. in C:\wamp\www\fundacion-donde\wp-includes\functions.php on line 3887
[15-Feb-2017 17:48:58 UTC] PHP Stack trace:
[15-Feb-2017 17:48:58 UTC] PHP   1. {main}() C:\wamp\www\fundacion-donde\wp-admin\admin.php:0
[15-Feb-2017 17:48:58 UTC] PHP   2. require_once() C:\wamp\www\fundacion-donde\wp-admin\admin.php:31
[15-Feb-2017 17:48:58 UTC] PHP   3. require_once() C:\wamp\www\fundacion-donde\wp-load.php:37
[15-Feb-2017 17:48:58 UTC] PHP   4. require_once() C:\wamp\www\fundacion-donde\wp-config.php:91
[15-Feb-2017 17:48:58 UTC] PHP   5. do_action() C:\wamp\www\fundacion-donde\wp-settings.php:393
[15-Feb-2017 17:48:58 UTC] PHP   6. call_user_func_array() C:\wamp\www\fundacion-donde\wp-includes\plugin.php:525
[15-Feb-2017 17:48:58 UTC] PHP   7. TGM_Plugin_Activation->init() C:\wamp\www\fundacion-donde\wp-includes\plugin.php:525
[15-Feb-2017 17:48:58 UTC] PHP   8. do_action() C:\wamp\www\fundacion-donde\wp-content\themes\unitheme\includes\class-tgm-plugin-activation.php:407
[15-Feb-2017 17:48:58 UTC] PHP   9. call_user_func_array() C:\wamp\www\fundacion-donde\wp-includes\plugin.php:525
[15-Feb-2017 17:48:58 UTC] PHP  10. ninzio_register_required_plugins() C:\wamp\www\fundacion-donde\wp-includes\plugin.php:525
[15-Feb-2017 17:48:58 UTC] PHP  11. tgmpa() C:\wamp\www\fundacion-donde\wp-content\themes\unitheme\functions.php:102
[15-Feb-2017 17:48:58 UTC] PHP  12. _deprecated_argument() C:\wamp\www\fundacion-donde\wp-content\themes\unitheme\includes\class-tgm-plugin-activation.php:2146
[15-Feb-2017 17:48:58 UTC] PHP  13. trigger_error() C:\wamp\www\fundacion-donde\wp-includes\functions.php:3887
[15-Feb-2017 17:48:59 UTC] PHP Notice:  Undefined variable: respues in C:\wamp\www\fundacion-donde\wp-content\plugins\csv-importer\class-ait-import.php on line 523
[15-Feb-2017 17:48:59 UTC] PHP Stack trace:
[15-Feb-2017 17:48:59 UTC] PHP   1. {main}() C:\wamp\www\fundacion-donde\wp-admin\admin.php:0
[15-Feb-2017 17:48:59 UTC] PHP   2. do_action() C:\wamp\www\fundacion-donde\wp-admin\admin.php:236
[15-Feb-2017 17:48:59 UTC] PHP   3. call_user_func_array() C:\wamp\www\fundacion-donde\wp-includes\plugin.php:525
[15-Feb-2017 17:48:59 UTC] PHP   4. AitImport->display_plugin_admin_page() C:\wamp\www\fundacion-donde\wp-includes\plugin.php:525
[15-Feb-2017 17:48:59 UTC] PHP   5. include_once() C:\wamp\www\fundacion-donde\wp-content\plugins\csv-importer\class-ait-import.php:220
[15-Feb-2017 17:48:59 UTC] PHP   6. AitImport->import_csv() C:\wamp\www\fundacion-donde\wp-content\plugins\csv-importer\views\admin.php:32
